<?xml version="1.0" encoding="utf-8"?><testsuites name="pytest tests"><testsuite name="pytest" errors="0" failures="0" skipped="0" tests="26" time="2.115" timestamp="2026-04-30T05:53:22.529965+00:00" hostname="agent-env-d970f127-09fb-4d2a-9f91-9278bf7aeeda"><testcase classname="backend.tests.test_gothra_api.TestHealthAndRoot" name="test_root_endpoint" time="0.131" /><testcase classname="backend.tests.test_gothra_api.TestProductsAPI" name="test_get_all_products" time="0.044" /><testcase classname="backend.tests.test_gothra_api.TestProductsAPI" name="test_get_products_by_category_home_decor" time="0.042" /><testcase classname="backend.tests.test_gothra_api.TestProductsAPI" name="test_get_products_by_category_beauty" time="0.045" /><testcase classname="backend.tests.test_gothra_api.TestProductsAPI" name="test_get_products_by_category_pantry" time="0.042" /><testcase classname="backend.tests.test_gothra_api.TestProductsAPI" name="test_get_products_by_category_kitchen" time="0.048" /><testcase classname="backend.tests.test_gothra_api.TestProductsAPI" name="test_search_products_pickle" time="0.047" /><testcase classname="backend.tests.test_gothra_api.TestProductsAPI" name="test_search_products_coconut" time="0.044" /><testcase classname="backend.tests.test_gothra_api.TestProductsAPI" name="test_search_products_jute" time="0.049" /><testcase classname="backend.tests.test_gothra_api.TestProductsAPI" name="test_search_products_turmeric" time="0.047" /><testcase classname="backend.tests.test_gothra_api.TestProductsAPI" name="test_search_no_results" time="0.057" /><testcase classname="backend.tests.test_gothra_api.TestProductsAPI" name="test_get_single_product" time="0.046" /><testcase classname="backend.tests.test_gothra_api.TestProductsAPI" name="test_get_nonexistent_product" time="0.042" /><testcase classname="backend.tests.test_gothra_api.TestNewsletterAPI" name="test_newsletter_subscribe_success" time="0.044" /><testcase classname="backend.tests.test_gothra_api.TestNewsletterAPI" name="test_newsletter_subscribe_duplicate" time="0.086" /><testcase classname="backend.tests.test_gothra_api.TestNewsletterAPI" name="test_newsletter_subscribe_invalid_email" time="0.041" /><testcase classname="backend.tests.test_gothra_api.TestNewsletterAPI" name="test_newsletter_subscribe_empty_email" time="0.042" /><testcase classname="backend.tests.test_gothra_api.TestCartAPI" name="test_get_empty_cart" time="0.042" /><testcase classname="backend.tests.test_gothra_api.TestCartAPI" name="test_add_item_to_cart" time="0.045" /><testcase classname="backend.tests.test_gothra_api.TestCartAPI" name="test_get_cart_with_items" time="0.047" /><testcase classname="backend.tests.test_gothra_api.TestCartAPI" name="test_update_cart_item_quantity" time="0.091" /><testcase classname="backend.tests.test_gothra_api.TestCartAPI" name="test_add_invalid_product_to_cart" time="0.043" /><testcase classname="backend.tests.test_gothra_api.TestCartAPI" name="test_remove_item_from_cart" time="0.049" /><testcase classname="backend.tests.test_gothra_api.TestCartAPI" name="test_clear_cart" time="0.126" /><testcase classname="backend.tests.test_gothra_api.TestCheckoutAPI" name="test_checkout_empty_cart" time="0.047" /><testcase classname="backend.tests.test_gothra_api.TestCheckoutAPI" name="test_checkout_create_session" time="0.622" /></testsuite></testsuites>